<?xml version="1.0" encoding="UTF-8"?>
<!-- Generated by org.testng.reporters.JUnitReportReporter -->
<testsuite skipped="0" hostname="Naveen-Mac.local" name="com.qa.hubspot.tests.ContactsPageTest" tests="4" failures="0" timestamp="13 Mar 2020 03:50:52 GMT" time="80.141" errors="0">
  <testcase name="createNewContactsTest" time="20.142" classname="com.qa.hubspot.tests.ContactsPageTest"/>
  <testcase name="createNewContactsTest" time="21.659" classname="com.qa.hubspot.tests.ContactsPageTest"/>
  <testcase name="createNewContactsTest" time="20.253" classname="com.qa.hubspot.tests.ContactsPageTest"/>
  <testcase name="createNewContactsTest" time="18.087" classname="com.qa.hubspot.tests.ContactsPageTest"/>
</testsuite> <!-- com.qa.hubspot.tests.ContactsPageTest -->
